[Tue Aug 09 21:54:53 2016] [notice] Digest: generating secret for digest authentication ...
[Tue Aug 09 21:54:53 2016] [notice] Digest: done
[Tue Aug 09 21:54:53 2016] [notice] FastCGI: process manager initialized (pid 8712)
[Tue Aug 09 21:54:53 2016] [notice] Apache/2.2.29 (Unix) mod_wsgi/3.5 Python/2.7.10 PHP/7.0.8 mod_ssl/2.2.29 OpenSSL/0.9.8zh DAV/2 mod_fastcgi/2.4.6 mod_perl/2.0.9 Perl/v5.22.0 configured -- resuming normal operations
[Tue Aug 09 21:54:54 2016] [error] [client ::1] File does not exist: /Applications/MAMP/htdocs/docs-assets
[Tue Aug 09 21:56:46 2016] [error] [client ::1] client denied by server configuration: /Applications/MAMP/htdocs/.DS_Store, referer: http://localhost:8888/MAMP/index.php?page=phpmyadmin&language=English
[Tue Aug 09 22:18:31 2016] [error] [client ::1] client denied by server configuration: /Applications/MAMP/htdocs/.DS_Store, referer: http://localhost:8888/MAMP/?language=English
[Tue Aug 09 22:19:29 2016] [notice] caught SIGTERM, shutting down
[Sun Aug 14 13:20:20 2016] [notice] Digest: generating secret for digest authentication ...
[Sun Aug 14 13:20:20 2016] [notice] Digest: done
[Sun Aug 14 13:20:20 2016] [notice] FastCGI: process manager initialized (pid 10975)
[Sun Aug 14 13:20:20 2016] [notice] Apache/2.2.29 (Unix) mod_wsgi/3.5 Python/2.7.10 PHP/7.0.8 mod_ssl/2.2.29 OpenSSL/0.9.8zh DAV/2 mod_fastcgi/2.4.6 mod_perl/2.0.9 Perl/v5.22.0 configured -- resuming normal operations
[Sun Aug 14 13:20:25 2016] [error] [client ::1] client denied by server configuration: /Applications/MAMP/htdocs/.DS_Store, referer: http://localhost:8888/MAMP/?language=English
[Sun Aug 14 14:57:54 2016] [error] [client ::1] File does not exist: /Applications/MAMP/htdocs/about, referer: http://localhost:8888/wordpress/
[Sun Aug 14 17:36:44 2016] [notice] caught SIGTERM, shutting down
[Mon Aug 15 20:24:47 2016] [notice] Digest: generating secret for digest authentication ...
[Mon Aug 15 20:24:47 2016] [notice] Digest: done
[Mon Aug 15 20:24:47 2016] [notice] FastCGI: process manager initialized (pid 12765)
[Mon Aug 15 20:24:47 2016] [notice] Apache/2.2.29 (Unix) mod_wsgi/3.5 Python/2.7.10 PHP/7.0.8 mod_ssl/2.2.29 OpenSSL/0.9.8zh DAV/2 mod_fastcgi/2.4.6 mod_perl/2.0.9 Perl/v5.22.0 configured -- resuming normal operations
[Mon Aug 15 20:24:50 2016] [error] [client ::1] client denied by server configuration: /Applications/MAMP/htdocs/.DS_Store, referer: http://localhost:8888/MAMP/?language=English
[Tue Aug 16 18:49:07 2016] [notice] caught SIGTERM, shutting down
[Wed Aug 17 18:54:07 2016] [notice] Digest: generating secret for digest authentication ...
[Wed Aug 17 18:54:07 2016] [notice] Digest: done
[Wed Aug 17 18:54:07 2016] [notice] FastCGI: process manager initialized (pid 14910)
[Wed Aug 17 18:54:07 2016] [notice] Apache/2.2.29 (Unix) mod_wsgi/3.5 Python/2.7.10 PHP/7.0.8 mod_ssl/2.2.29 OpenSSL/0.9.8zh DAV/2 mod_fastcgi/2.4.6 mod_perl/2.0.9 Perl/v5.22.0 configured -- resuming normal operations
[Wed Aug 17 18:54:11 2016] [error] [client ::1] client denied by server configuration: /Applications/MAMP/htdocs/.DS_Store, referer: http://localhost:8888/MAMP/?language=English
[Wed Aug 17 21:30:38 2016] [notice] caught SIGTERM, shutting down
[Thu Aug 18 23:44:25 2016] [notice] Digest: generating secret for digest authentication ...
[Thu Aug 18 23:44:25 2016] [notice] Digest: done
[Thu Aug 18 23:44:25 2016] [notice] FastCGI: process manager initialized (pid 15681)
[Thu Aug 18 23:44:25 2016] [notice] Apache/2.2.29 (Unix) mod_wsgi/3.5 Python/2.7.10 PHP/7.0.8 mod_ssl/2.2.29 OpenSSL/0.9.8zh DAV/2 mod_fastcgi/2.4.6 mod_perl/2.0.9 Perl/v5.22.0 configured -- resuming normal operations
[Thu Aug 18 23:44:47 2016] [error] [client ::1] client denied by server configuration: /Applications/MAMP/htdocs/.DS_Store, referer: http://localhost:8888/MAMP/?language=English
[Fri Aug 19 00:19:16 2016] [notice] caught SIGTERM, shutting down
[Sun Aug 21 13:12:25 2016] [notice] Digest: generating secret for digest authentication ...
[Sun Aug 21 13:12:25 2016] [notice] Digest: done
[Sun Aug 21 13:12:25 2016] [notice] FastCGI: process manager initialized (pid 568)
[Sun Aug 21 13:12:25 2016] [notice] Apache/2.2.29 (Unix) mod_wsgi/3.5 Python/2.7.10 PHP/7.0.8 mod_ssl/2.2.29 OpenSSL/0.9.8zh DAV/2 mod_fastcgi/2.4.6 mod_perl/2.0.9 Perl/v5.22.0 configured -- resuming normal operations
[Sun Aug 21 13:12:33 2016] [error] [client ::1] File does not exist: /Applications/MAMP/htdocs/docs-assets
[Sun Aug 21 13:13:22 2016] [error] [client ::1] client denied by server configuration: /Applications/MAMP/htdocs/.DS_Store, referer: http://localhost:8888/MAMP/?language=English
[Sun Aug 21 13:16:46 2016] [error] [client ::1] File does not exist: /Applications/MAMP/htdocs/our-work, referer: http://localhost:8888/wordpress/
libpng warning: Interlace handling should be turned on when using png_read_image
libpng warning: Interlace handling should be turned on when using png_read_image
[Sun Aug 21 18:30:48 2016] [notice] caught SIGTERM, shutting down
[Mon Aug 22 11:37:40 2016] [notice] Digest: generating secret for digest authentication ...
[Mon Aug 22 11:37:40 2016] [notice] Digest: done
[Mon Aug 22 11:37:40 2016] [notice] FastCGI: process manager initialized (pid 3083)
[Mon Aug 22 11:37:40 2016] [notice] Apache/2.2.29 (Unix) mod_wsgi/3.5 Python/2.7.10 PHP/7.0.8 mod_ssl/2.2.29 OpenSSL/0.9.8zh DAV/2 mod_fastcgi/2.4.6 mod_perl/2.0.9 Perl/v5.22.0 configured -- resuming normal operations
[Mon Aug 22 11:37:43 2016] [error] [client ::1] client denied by server configuration: /Applications/MAMP/htdocs/.DS_Store, referer: http://localhost:8888/MAMP/?language=English
[Mon Aug 22 12:05:59 2016] [notice] caught SIGTERM, shutting down
[Mon Aug 22 18:48:05 2016] [notice] Digest: generating secret for digest authentication ...
[Mon Aug 22 18:48:05 2016] [notice] Digest: done
[Mon Aug 22 18:48:05 2016] [notice] FastCGI: process manager initialized (pid 3526)
[Mon Aug 22 18:48:05 2016] [notice] Apache/2.2.29 (Unix) mod_wsgi/3.5 Python/2.7.10 PHP/7.0.8 mod_ssl/2.2.29 OpenSSL/0.9.8zh DAV/2 mod_fastcgi/2.4.6 mod_perl/2.0.9 Perl/v5.22.0 configured -- resuming normal operations
[Mon Aug 22 18:48:52 2016] [error] [client ::1] client denied by server configuration: /Applications/MAMP/htdocs/.DS_Store, referer: http://localhost:8888/MAMP/?language=English
[Mon Aug 22 20:14:56 2016] [notice] caught SIGTERM, shutting down
[Tue Aug 23 14:46:07 2016] [notice] Digest: generating secret for digest authentication ...
[Tue Aug 23 14:46:07 2016] [notice] Digest: done
[Tue Aug 23 14:46:07 2016] [notice] FastCGI: process manager initialized (pid 4910)
[Tue Aug 23 14:46:07 2016] [notice] Apache/2.2.29 (Unix) mod_wsgi/3.5 Python/2.7.10 PHP/7.0.8 mod_ssl/2.2.29 OpenSSL/0.9.8zh DAV/2 mod_fastcgi/2.4.6 mod_perl/2.0.9 Perl/v5.22.0 configured -- resuming normal operations
[Tue Aug 23 14:46:15 2016] [error] [client ::1] client denied by server configuration: /Applications/MAMP/htdocs/.DS_Store, referer: http://localhost:8888/MAMP/?language=English
[Tue Aug 23 19:16:10 2016] [notice] caught SIGTERM, shutting down
[Fri Aug 26 10:38:06 2016] [notice] Digest: generating secret for digest authentication ...
[Fri Aug 26 10:38:06 2016] [notice] Digest: done
[Fri Aug 26 10:38:06 2016] [notice] FastCGI: process manager initialized (pid 1465)
[Fri Aug 26 10:38:06 2016] [notice] Apache/2.2.29 (Unix) mod_wsgi/3.5 Python/2.7.10 PHP/7.0.8 mod_ssl/2.2.29 OpenSSL/0.9.8zh DAV/2 mod_fastcgi/2.4.6 mod_perl/2.0.9 Perl/v5.22.0 configured -- resuming normal operations
[Fri Aug 26 10:38:08 2016] [error] [client ::1] File does not exist: /Applications/MAMP/htdocs/docs-assets
[Fri Aug 26 10:39:26 2016] [error] [client ::1] client denied by server configuration: /Applications/MAMP/htdocs/.DS_Store, referer: http://localhost:8888/MAMP/?language=English
[Fri Aug 26 10:39:59 2016] [error] [client ::1] client denied by server configuration: /Applications/MAMP/htdocs/.DS_Store, referer: http://localhost:8888/MAMP/?language=English
[Fri Aug 26 10:56:40 2016] [error] [client ::1] client denied by server configuration: /Applications/MAMP/htdocs/.DS_Store, referer: http://localhost:8888/MAMP/?language=English
[Fri Aug 26 10:58:15 2016] [error] [client ::1] client denied by server configuration: /Applications/MAMP/htdocs/.DS_Store, referer: http://localhost:8888/MAMP/?language=English
[Fri Aug 26 20:03:14 2016] [notice] caught SIGTERM, shutting down
[Fri Aug 26 23:49:47 2016] [notice] Digest: generating secret for digest authentication ...
[Fri Aug 26 23:49:47 2016] [notice] Digest: done
[Fri Aug 26 23:49:47 2016] [notice] FastCGI: process manager initialized (pid 5326)
[Fri Aug 26 23:49:47 2016] [notice] Apache/2.2.29 (Unix) mod_wsgi/3.5 Python/2.7.10 PHP/7.0.8 mod_ssl/2.2.29 OpenSSL/0.9.8zh DAV/2 mod_fastcgi/2.4.6 mod_perl/2.0.9 Perl/v5.22.0 configured -- resuming normal operations
[Fri Aug 26 23:49:49 2016] [error] [client ::1] client denied by server configuration: /Applications/MAMP/htdocs/.DS_Store, referer: http://localhost:8888/MAMP/?language=English
[Fri Aug 26 23:50:13 2016] [notice] caught SIGTERM, shutting down
[Fri Aug 26 23:52:47 2016] [notice] Digest: generating secret for digest authentication ...
[Fri Aug 26 23:52:47 2016] [notice] Digest: done
[Fri Aug 26 23:52:47 2016] [notice] FastCGI: process manager initialized (pid 5509)
[Fri Aug 26 23:52:47 2016] [notice] Apache/2.2.29 (Unix) mod_wsgi/3.5 Python/2.7.10 PHP/7.0.8 mod_ssl/2.2.29 OpenSSL/0.9.8zh DAV/2 mod_fastcgi/2.4.6 mod_perl/2.0.9 Perl/v5.22.0 configured -- resuming normal operations
[Fri Aug 26 23:52:50 2016] [error] [client ::1] client denied by server configuration: /Applications/MAMP/htdocs/.DS_Store, referer: http://localhost:8888/MAMP/?language=English
[Fri Aug 26 23:53:32 2016] [notice] caught SIGTERM, shutting down
[Sun Aug 28 10:09:46 2016] [notice] Digest: generating secret for digest authentication ...
[Sun Aug 28 10:09:46 2016] [notice] Digest: done
[Sun Aug 28 10:09:46 2016] [notice] FastCGI: process manager initialized (pid 6883)
[Sun Aug 28 10:09:46 2016] [notice] Apache/2.2.29 (Unix) mod_wsgi/3.5 Python/2.7.10 PHP/7.0.8 mod_ssl/2.2.29 OpenSSL/0.9.8zh DAV/2 mod_fastcgi/2.4.6 mod_perl/2.0.9 Perl/v5.22.0 configured -- resuming normal operations
[Sun Aug 28 10:09:49 2016] [error] [client ::1] client denied by server configuration: /Applications/MAMP/htdocs/.DS_Store, referer: http://localhost:8888/MAMP/?language=English
[Sun Aug 28 10:36:44 2016] [error] [client ::1] File does not exist: /Applications/MAMP/htdocs/wordpress/about, referer: http://localhost:8888/wordpress/
[Sun Aug 28 10:36:51 2016] [error] [client ::1] File does not exist: /Applications/MAMP/htdocs/wordpress/about, referer: http://localhost:8888/wordpress/
[Sun Aug 28 10:36:53 2016] [error] [client ::1] File does not exist: /Applications/MAMP/htdocs/wordpress/categories, referer: http://localhost:8888/wordpress/
[Sun Aug 28 10:37:28 2016] [error] [client ::1] client denied by server configuration: /Applications/MAMP/htdocs/.DS_Store, referer: http://localhost:8888/MAMP/?language=English
[Sun Aug 28 10:37:49 2016] [error] [client ::1] File does not exist: /Applications/MAMP/htdocs/wordpress/about, referer: http://localhost:8888/wordpress/wp-admin/post.php?post=18&action=edit
[Sun Aug 28 10:38:11 2016] [error] [client ::1] File does not exist: /Applications/MAMP/htdocs/wordpress/about, referer: http://localhost:8888/wordpress/wp-admin/post.php?post=18&action=edit
[Sun Aug 28 10:39:28 2016] [error] [client ::1] File does not exist: /Applications/MAMP/htdocs/wordpress/categories, referer: http://localhost:8888/wordpress/wp-admin/post.php?post=10&action=edit
[Sun Aug 28 10:40:23 2016] [error] [client ::1] File does not exist: /Applications/MAMP/htdocs/wordpress/categories, referer: http://localhost:8888/wordpress/
[Sun Aug 28 10:41:56 2016] [error] [client ::1] File does not exist: /Applications/MAMP/htdocs/wordpress/contact, referer: http://localhost:8888/wordpress/wp-admin/post.php?post=28&action=edit
[Sun Aug 28 10:42:16 2016] [error] [client ::1] File does not exist: /Applications/MAMP/htdocs/wordpress/categories, referer: http://localhost:8888/wordpress/
[Sun Aug 28 10:42:30 2016] [error] [client ::1] File does not exist: /Applications/MAMP/htdocs/wordpress/categories, referer: http://localhost:8888/wordpress/
[Sun Aug 28 10:43:23 2016] [error] [client ::1] File does not exist: /Applications/MAMP/htdocs/wordpress/aaa, referer: http://localhost:8888/wordpress/wp-admin/post.php?post=260&action=edit
[Sun Aug 28 10:44:47 2016] [error] [client ::1] client denied by server configuration: /Applications/MAMP/htdocs/.DS_Store, referer: http://localhost:8888/MAMP/?language=English
[Sun Aug 28 10:45:09 2016] [error] [client ::1] File does not exist: /Applications/MAMP/htdocs/wordpress/about, referer: http://localhost:8888/wordpress/
[Sun Aug 28 10:45:33 2016] [notice] caught SIGTERM, shutting down
[Sun Aug 28 10:45:48 2016] [notice] Digest: generating secret for digest authentication ...
[Sun Aug 28 10:45:48 2016] [notice] Digest: done
[Sun Aug 28 10:45:48 2016] [notice] FastCGI: process manager initialized (pid 7428)
[Sun Aug 28 10:45:48 2016] [notice] Apache/2.2.29 (Unix) mod_wsgi/3.5 Python/2.7.10 PHP/7.0.8 mod_ssl/2.2.29 OpenSSL/0.9.8zh DAV/2 mod_fastcgi/2.4.6 mod_perl/2.0.9 Perl/v5.22.0 configured -- resuming normal operations
[Sun Aug 28 10:45:52 2016] [error] [client ::1] client denied by server configuration: /Applications/MAMP/htdocs/.DS_Store, referer: http://localhost:8888/MAMP/?language=English
[Sun Aug 28 10:45:58 2016] [error] [client ::1] File does not exist: /Applications/MAMP/htdocs/wordpress/about, referer: http://localhost:8888/wordpress/
[Sun Aug 28 10:46:01 2016] [error] [client ::1] File does not exist: /Applications/MAMP/htdocs/wordpress/categories, referer: http://localhost:8888/wordpress/
[Sun Aug 28 10:47:00 2016] [error] [client ::1] File does not exist: /Applications/MAMP/htdocs/wordpress/discount, referer: http://localhost:8888/wordpress/
[Sun Aug 28 10:47:12 2016] [error] [client ::1] File does not exist: /Applications/MAMP/htdocs/wordpress/categories, referer: http://localhost:8888/wordpress/
[Sun Aug 28 10:47:16 2016] [error] [client ::1] File does not exist: /Applications/MAMP/htdocs/wordpress/about, referer: http://localhost:8888/wordpress/
[Sun Aug 28 10:49:45 2016] [error] [client ::1] File does not exist: /Applications/MAMP/htdocs/wordpress/caculator, referer: http://localhost:8888/wordpress/
[Sun Aug 28 10:49:50 2016] [error] [client ::1] File does not exist: /Applications/MAMP/htdocs/wordpress/sharing, referer: http://localhost:8888/wordpress/
[Sun Aug 28 10:50:34 2016] [error] [client ::1] File does not exist: /Applications/MAMP/htdocs/wordpress/categories, referer: http://localhost:8888/wordpress/
[Sun Aug 28 10:52:25 2016] [error] [client ::1] File does not exist: /Applications/MAMP/htdocs/wordpress/categories, referer: http://localhost:8888/wordpress/
[Sun Aug 28 10:52:39 2016] [error] [client ::1] File does not exist: /Applications/MAMP/htdocs/wordpress/categories, referer: http://localhost:8888/wordpress/
[Sun Aug 28 12:12:44 2016] [notice] caught SIGTERM, shutting down
[Sun Aug 28 21:42:03 2016] [notice] Digest: generating secret for digest authentication ...
[Sun Aug 28 21:42:03 2016] [notice] Digest: done
[Sun Aug 28 21:42:03 2016] [notice] FastCGI: process manager initialized (pid 8621)
[Sun Aug 28 21:42:03 2016] [notice] Apache/2.2.29 (Unix) mod_wsgi/3.5 Python/2.7.10 PHP/7.0.8 mod_ssl/2.2.29 OpenSSL/0.9.8zh DAV/2 mod_fastcgi/2.4.6 mod_perl/2.0.9 Perl/v5.22.0 configured -- resuming normal operations
[Sun Aug 28 21:42:09 2016] [error] [client ::1] client denied by server configuration: /Applications/MAMP/htdocs/.DS_Store, referer: http://localhost:8888/MAMP/?language=English
[Sun Aug 28 22:23:33 2016] [notice] caught SIGTERM, shutting down
[Tue Aug 30 16:05:54 2016] [notice] Digest: generating secret for digest authentication ...
[Tue Aug 30 16:05:54 2016] [notice] Digest: done
[Tue Aug 30 16:05:54 2016] [notice] FastCGI: process manager initialized (pid 10167)
[Tue Aug 30 16:05:54 2016] [notice] Apache/2.2.29 (Unix) mod_wsgi/3.5 Python/2.7.10 PHP/7.0.8 mod_ssl/2.2.29 OpenSSL/0.9.8zh DAV/2 mod_fastcgi/2.4.6 mod_perl/2.0.9 Perl/v5.22.0 configured -- resuming normal operations
[Tue Aug 30 16:05:55 2016] [error] [client ::1] File does not exist: /Applications/MAMP/htdocs/docs-assets
[Tue Aug 30 16:05:57 2016] [error] [client ::1] client denied by server configuration: /Applications/MAMP/htdocs/.DS_Store, referer: http://localhost:8888/MAMP/?language=English
[Tue Aug 30 22:00:12 2016] [notice] caught SIGTERM, shutting down
[Tue Sep 20 11:58:21 2016] [notice] Digest: generating secret for digest authentication ...
[Tue Sep 20 11:58:21 2016] [notice] Digest: done
[Tue Sep 20 11:58:21 2016] [notice] FastCGI: process manager initialized (pid 4539)
[Tue Sep 20 11:58:21 2016] [notice] Apache/2.2.29 (Unix) mod_wsgi/3.5 Python/2.7.10 PHP/7.0.8 mod_ssl/2.2.29 OpenSSL/0.9.8zh DAV/2 mod_fastcgi/2.4.6 mod_perl/2.0.9 Perl/v5.22.0 configured -- resuming normal operations
[Tue Sep 20 11:58:23 2016] [error] [client ::1] File does not exist: /Applications/MAMP/htdocs/docs-assets
[Tue Sep 20 11:58:28 2016] [error] [client ::1] client denied by server configuration: /Applications/MAMP/htdocs/.DS_Store, referer: http://localhost:8888/MAMP/?language=English
[Tue Sep 20 11:58:39 2016] [notice] child pid 4540 exit signal Segmentation fault (11)
[Tue Sep 20 12:48:39 2016] [notice] caught SIGTERM, shutting down
[Tue Sep 27 15:24:53 2016] [notice] Digest: generating secret for digest authentication ...
[Tue Sep 27 15:24:53 2016] [notice] Digest: done
[Tue Sep 27 15:24:54 2016] [notice] FastCGI: process manager initialized (pid 76365)
[Tue Sep 27 15:24:54 2016] [notice] Apache/2.2.29 (Unix) mod_wsgi/3.5 Python/2.7.10 PHP/7.0.8 mod_ssl/2.2.29 OpenSSL/0.9.8zh DAV/2 mod_fastcgi/2.4.6 mod_perl/2.0.9 Perl/v5.22.0 configured -- resuming normal operations
[Tue Sep 27 15:24:55 2016] [error] [client ::1] File does not exist: /Applications/MAMP/htdocs/docs-assets
[Tue Sep 27 15:24:57 2016] [error] [client ::1] client denied by server configuration: /Applications/MAMP/htdocs/.DS_Store, referer: http://localhost:8888/MAMP/?language=English
[Tue Sep 27 15:28:21 2016] [notice] caught SIGTERM, shutting down
[Tue Sep 27 15:28:38 2016] [notice] Digest: generating secret for digest authentication ...
[Tue Sep 27 15:28:38 2016] [notice] Digest: done
[Tue Sep 27 15:28:38 2016] [notice] FastCGI: process manager initialized (pid 76821)
[Tue Sep 27 15:28:38 2016] [notice] Apache/2.2.29 (Unix) mod_wsgi/3.5 Python/2.7.10 PHP/7.0.8 mod_ssl/2.2.29 OpenSSL/0.9.8zh DAV/2 mod_fastcgi/2.4.6 mod_perl/2.0.9 Perl/v5.22.0 configured -- resuming normal operations
[Tue Sep 27 15:29:49 2016] [error] [client ::1] client denied by server configuration: /Applications/MAMP/htdocs/.DS_Store, referer: http://localhost:8888/MAMP/?language=English
[Tue Sep 27 15:51:41 2016] [notice] caught SIGTERM, shutting down
[Sun Oct 09 13:49:52 2016] [notice] Digest: generating secret for digest authentication ...
[Sun Oct 09 13:49:52 2016] [notice] Digest: done
[Sun Oct 09 13:49:52 2016] [notice] FastCGI: process manager initialized (pid 1445)
[Sun Oct 09 13:49:52 2016] [notice] Apache/2.2.29 (Unix) mod_wsgi/3.5 Python/2.7.10 PHP/7.0.8 mod_ssl/2.2.29 OpenSSL/0.9.8zh DAV/2 mod_fastcgi/2.4.6 mod_perl/2.0.9 Perl/v5.22.0 configured -- resuming normal operations
[Sun Oct 09 13:50:04 2016] [error] [client ::1] File does not exist: /Applications/MAMP/htdocs/docs-assets
[Sun Oct 09 13:50:05 2016] [error] [client ::1] client denied by server configuration: /Applications/MAMP/htdocs/.DS_Store, referer: http://localhost:8888/MAMP/?language=English
[Sun Oct 09 14:02:29 2016] [error] [client ::1] File does not exist: /Applications/MAMP/htdocs/docs-assets
[Sun Oct 09 14:02:52 2016] [error] [client ::1] client denied by server configuration: /Applications/MAMP/htdocs/.DS_Store, referer: http://localhost:8888/MAMP/?language=English
[Sun Oct 09 16:55:49 2016] [error] [client ::1] client denied by server configuration: /Applications/MAMP/htdocs/.DS_Store, referer: http://localhost:8888/MAMP/?language=English
[Sun Oct 09 18:57:31 2016] [notice] caught SIGTERM, shutting down
[Fri Oct 14 20:49:20 2016] [notice] Digest: generating secret for digest authentication ...
[Fri Oct 14 20:49:20 2016] [notice] Digest: done
[Fri Oct 14 20:49:20 2016] [notice] FastCGI: process manager initialized (pid 91799)
[Fri Oct 14 20:49:20 2016] [notice] Apache/2.2.29 (Unix) mod_wsgi/3.5 Python/2.7.10 PHP/7.0.8 mod_ssl/2.2.29 OpenSSL/0.9.8zh DAV/2 mod_fastcgi/2.4.6 mod_perl/2.0.9 Perl/v5.22.0 configured -- resuming normal operations
[Fri Oct 14 20:49:21 2016] [error] [client ::1] File does not exist: /Applications/MAMP/htdocs/docs-assets
[Fri Oct 14 20:49:57 2016] [error] [client ::1] client denied by server configuration: /Applications/MAMP/htdocs/.DS_Store, referer: http://localhost:8888/MAMP/?language=English
[Fri Oct 14 21:02:43 2016] [notice] caught SIGTERM, shutting down
[Sun Oct 16 17:04:55 2016] [notice] Digest: generating secret for digest authentication ...
[Sun Oct 16 17:04:55 2016] [notice] Digest: done
[Sun Oct 16 17:04:55 2016] [notice] FastCGI: process manager initialized (pid 29563)
[Sun Oct 16 17:04:55 2016] [notice] Apache/2.2.29 (Unix) mod_wsgi/3.5 Python/2.7.10 PHP/7.0.8 mod_ssl/2.2.29 OpenSSL/0.9.8zh DAV/2 mod_fastcgi/2.4.6 mod_perl/2.0.9 Perl/v5.22.0 configured -- resuming normal operations
[Sun Oct 16 17:04:58 2016] [error] [client ::1] client denied by server configuration: /Applications/MAMP/htdocs/.DS_Store, referer: http://localhost:8888/MAMP/?language=English
[Sun Oct 16 17:24:48 2016] [notice] caught SIGTERM, shutting down
[Sun Oct 16 21:25:28 2016] [notice] Digest: generating secret for digest authentication ...
[Sun Oct 16 21:25:28 2016] [notice] Digest: done
[Sun Oct 16 21:25:28 2016] [notice] FastCGI: process manager initialized (pid 44507)
[Sun Oct 16 21:25:28 2016] [notice] Apache/2.2.29 (Unix) mod_wsgi/3.5 Python/2.7.10 PHP/7.0.8 mod_ssl/2.2.29 OpenSSL/0.9.8zh DAV/2 mod_fastcgi/2.4.6 mod_perl/2.0.9 Perl/v5.22.0 configured -- resuming normal operations
[Sun Oct 16 21:25:52 2016] [error] [client ::1] client denied by server configuration: /Applications/MAMP/htdocs/.DS_Store, referer: http://localhost:8888/MAMP/?language=English
[Sun Oct 16 21:38:49 2016] [error] [client ::1] client denied by server configuration: /Applications/MAMP/htdocs/.DS_Store, referer: http://localhost:8888/MAMP/?language=English
[Sun Oct 16 22:35:59 2016] [notice] caught SIGTERM, shutting down
[Sun Oct 16 22:36:23 2016] [notice] Digest: generating secret for digest authentication ...
[Sun Oct 16 22:36:23 2016] [notice] Digest: done
[Sun Oct 16 22:36:23 2016] [notice] FastCGI: process manager initialized (pid 49537)
[Sun Oct 16 22:36:23 2016] [notice] Apache/2.2.29 (Unix) mod_wsgi/3.5 Python/2.7.10 PHP/7.0.8 mod_ssl/2.2.29 OpenSSL/0.9.8zh DAV/2 mod_fastcgi/2.4.6 mod_perl/2.0.9 Perl/v5.22.0 configured -- resuming normal operations
[Sun Oct 16 22:36:44 2016] [error] [client ::1] client denied by server configuration: /Applications/MAMP/htdocs/.DS_Store, referer: http://localhost:8888/MAMP/?language=English
[Sun Oct 16 22:42:04 2016] [notice] caught SIGTERM, shutting down
[Sun Oct 16 22:42:15 2016] [notice] Digest: generating secret for digest authentication ...
[Sun Oct 16 22:42:15 2016] [notice] Digest: done
[Sun Oct 16 22:42:15 2016] [notice] FastCGI: process manager initialized (pid 50166)
[Sun Oct 16 22:42:15 2016] [notice] Apache/2.2.29 (Unix) mod_wsgi/3.5 Python/2.7.10 PHP/7.0.8 mod_ssl/2.2.29 OpenSSL/0.9.8zh DAV/2 mod_fastcgi/2.4.6 mod_perl/2.0.9 Perl/v5.22.0 configured -- resuming normal operations
[Sun Oct 16 22:42:32 2016] [error] [client ::1] client denied by server configuration: /Applications/MAMP/htdocs/.DS_Store, referer: http://localhost:8888/MAMP/?language=English
[Sun Oct 16 22:44:32 2016] [notice] caught SIGTERM, shutting down
[Sun Oct 16 22:44:43 2016] [notice] Digest: generating secret for digest authentication ...
[Sun Oct 16 22:44:43 2016] [notice] Digest: done
[Sun Oct 16 22:44:43 2016] [notice] FastCGI: process manager initialized (pid 50554)
[Sun Oct 16 22:44:43 2016] [notice] Apache/2.2.29 (Unix) mod_wsgi/3.5 Python/2.7.10 PHP/7.0.8 mod_ssl/2.2.29 OpenSSL/0.9.8zh DAV/2 mod_fastcgi/2.4.6 mod_perl/2.0.9 Perl/v5.22.0 configured -- resuming normal operations
[Sun Oct 16 22:44:53 2016] [error] [client ::1] client denied by server configuration: /Applications/MAMP/htdocs/.DS_Store, referer: http://localhost:8888/MAMP/?language=English
[Sun Oct 16 22:49:14 2016] [notice] caught SIGTERM, shutting down
[Sun Oct 16 22:49:26 2016] [notice] Digest: generating secret for digest authentication ...
[Sun Oct 16 22:49:26 2016] [notice] Digest: done
[Sun Oct 16 22:49:26 2016] [notice] FastCGI: process manager initialized (pid 51109)
[Sun Oct 16 22:49:26 2016] [notice] Apache/2.2.29 (Unix) mod_wsgi/3.5 Python/2.7.10 PHP/7.0.8 mod_ssl/2.2.29 OpenSSL/0.9.8zh DAV/2 mod_fastcgi/2.4.6 mod_perl/2.0.9 Perl/v5.22.0 configured -- resuming normal operations
[Sun Oct 16 22:49:35 2016] [error] [client ::1] client denied by server configuration: /Applications/MAMP/htdocs/.DS_Store, referer: http://localhost:8888/MAMP/?language=English
[Sun Oct 16 23:03:39 2016] [notice] caught SIGTERM, shutting down
[Mon Oct 17 10:52:27 2016] [notice] Digest: generating secret for digest authentication ...
[Mon Oct 17 10:52:27 2016] [notice] Digest: done
[Mon Oct 17 10:52:27 2016] [notice] Apache/2.2.29 (Unix) mod_wsgi/3.5 Python/2.7.10 PHP/7.0.8 mod_ssl/2.2.29 OpenSSL/0.9.8zh DAV/2 mod_fastcgi/2.4.6 mod_perl/2.0.9 Perl/v5.22.0 configured -- resuming normal operations
[Mon Oct 17 10:52:27 2016] [notice] FastCGI: process manager initialized (pid 55372)
[Mon Oct 17 10:52:32 2016] [error] [client ::1] client denied by server configuration: /Applications/MAMP/htdocs/.DS_Store, referer: http://localhost:8888/MAMP/?language=English
[Mon Oct 17 11:37:07 2016] [error] [client ::1] client denied by server configuration: /Applications/MAMP/htdocs/.DS_Store, referer: http://localhost:8888/MAMP/?language=English
[Mon Oct 17 12:15:54 2016] [notice] caught SIGTERM, shutting down
[Wed Oct 19 20:58:25 2016] [notice] Digest: generating secret for digest authentication ...
[Wed Oct 19 20:58:25 2016] [notice] Digest: done
[Wed Oct 19 20:58:25 2016] [notice] FastCGI: process manager initialized (pid 48047)
[Wed Oct 19 20:58:25 2016] [notice] Apache/2.2.29 (Unix) mod_wsgi/3.5 Python/2.7.10 PHP/7.0.8 mod_ssl/2.2.29 OpenSSL/0.9.8zh DAV/2 mod_fastcgi/2.4.6 mod_perl/2.0.9 Perl/v5.22.0 configured -- resuming normal operations
[Wed Oct 19 20:58:30 2016] [error] [client ::1] client denied by server configuration: /Applications/MAMP/htdocs/.DS_Store, referer: http://localhost:8888/MAMP/?language=English
[Wed Oct 19 21:22:31 2016] [notice] caught SIGTERM, shutting down
[Tue Oct 25 18:34:11 2016] [notice] Digest: generating secret for digest authentication ...
[Tue Oct 25 18:34:11 2016] [notice] Digest: done
[Tue Oct 25 18:34:11 2016] [notice] FastCGI: process manager initialized (pid 18187)
[Tue Oct 25 18:34:11 2016] [notice] Apache/2.2.29 (Unix) mod_wsgi/3.5 Python/2.7.10 PHP/7.0.8 mod_ssl/2.2.29 OpenSSL/0.9.8zh DAV/2 mod_fastcgi/2.4.6 mod_perl/2.0.9 Perl/v5.22.0 configured -- resuming normal operations
[Tue Oct 25 18:34:12 2016] [error] [client ::1] File does not exist: /Applications/MAMP/htdocs/docs-assets
[Tue Oct 25 18:34:18 2016] [error] [client ::1] client denied by server configuration: /Applications/MAMP/htdocs/.DS_Store, referer: http://localhost:8888/MAMP/?language=English
[Tue Oct 25 23:58:01 2016] [notice] caught SIGTERM, shutting down
[Fri Nov 11 15:41:45 2016] [notice] Digest: generating secret for digest authentication ...
[Fri Nov 11 15:41:45 2016] [notice] Digest: done
[Fri Nov 11 15:41:45 2016] [notice] FastCGI: process manager initialized (pid 12081)
[Fri Nov 11 15:41:45 2016] [notice] Apache/2.2.29 (Unix) mod_wsgi/3.5 Python/2.7.10 PHP/7.0.8 mod_ssl/2.2.29 OpenSSL/0.9.8zh DAV/2 mod_fastcgi/2.4.6 mod_perl/2.0.9 Perl/v5.22.0 configured -- resuming normal operations
[Fri Nov 11 15:41:47 2016] [error] [client ::1] File does not exist: /Applications/MAMP/htdocs/docs-assets
[Fri Nov 11 15:41:49 2016] [error] [client ::1] client denied by server configuration: /Applications/MAMP/htdocs/.DS_Store, referer: http://localhost:8888/MAMP/?language=English
[Fri Nov 11 16:09:58 2016] [notice] caught SIGTERM, shutting down
[Tue Nov 15 10:31:43 2016] [notice] Digest: generating secret for digest authentication ...
[Tue Nov 15 10:31:43 2016] [notice] Digest: done
[Tue Nov 15 10:31:43 2016] [notice] FastCGI: process manager initialized (pid 36012)
[Tue Nov 15 10:31:43 2016] [notice] Apache/2.2.29 (Unix) mod_wsgi/3.5 Python/2.7.10 PHP/7.0.8 mod_ssl/2.2.29 OpenSSL/0.9.8zh DAV/2 mod_fastcgi/2.4.6 mod_perl/2.0.9 Perl/v5.22.0 configured -- resuming normal operations
[Tue Nov 15 10:31:49 2016] [error] [client ::1] client denied by server configuration: /Applications/MAMP/htdocs/.DS_Store, referer: http://localhost:8888/MAMP/?language=English
libpng warning: Interlace handling should be turned on when using png_read_image
libpng warning: Interlace handling should be turned on when using png_read_image
libpng warning: Interlace handling should be turned on when using png_read_image
libpng warning: Interlace handling should be turned on when using png_read_image
libpng warning: Interlace handling should be turned on when using png_read_image
[Wed Nov 16 01:00:47 2016] [notice] caught SIGTERM, shutting down
[Wed Nov 16 01:41:01 2016] [notice] Digest: generating secret for digest authentication ...
[Wed Nov 16 01:41:01 2016] [notice] Digest: done
[Wed Nov 16 01:41:01 2016] [notice] FastCGI: process manager initialized (pid 69245)
[Wed Nov 16 01:41:01 2016] [notice] Apache/2.2.29 (Unix) mod_wsgi/3.5 Python/2.7.10 PHP/7.0.8 mod_ssl/2.2.29 OpenSSL/0.9.8zh DAV/2 mod_fastcgi/2.4.6 mod_perl/2.0.9 Perl/v5.22.0 configured -- resuming normal operations
[Wed Nov 16 01:41:08 2016] [error] [client ::1] client denied by server configuration: /Applications/MAMP/htdocs/.DS_Store, referer: http://localhost:8888/MAMP/?language=English
[Wed Nov 16 02:03:48 2016] [notice] caught SIGTERM, shutting down
[Wed Nov 16 10:48:53 2016] [notice] Digest: generating secret for digest authentication ...
[Wed Nov 16 10:48:53 2016] [notice] Digest: done
[Wed Nov 16 10:48:53 2016] [notice] FastCGI: process manager initialized (pid 91532)
[Wed Nov 16 10:48:53 2016] [notice] Apache/2.2.29 (Unix) mod_wsgi/3.5 Python/2.7.10 PHP/7.0.8 mod_ssl/2.2.29 OpenSSL/0.9.8zh DAV/2 mod_fastcgi/2.4.6 mod_perl/2.0.9 Perl/v5.22.0 configured -- resuming normal operations
[Wed Nov 16 11:05:07 2016] [error] [client ::1] client denied by server configuration: /Applications/MAMP/htdocs/.DS_Store, referer: http://localhost:8888/MAMP/?language=English
[Wed Nov 16 21:24:04 2016] [notice] caught SIGTERM, shutting down
[Wed Nov 16 21:24:49 2016] [notice] Digest: generating secret for digest authentication ...
[Wed Nov 16 21:24:49 2016] [notice] Digest: done
[Wed Nov 16 21:24:49 2016] [notice] FastCGI: process manager initialized (pid 26181)
[Wed Nov 16 21:24:49 2016] [notice] Apache/2.2.29 (Unix) mod_wsgi/3.5 Python/2.7.10 PHP/7.0.8 mod_ssl/2.2.29 OpenSSL/0.9.8zh DAV/2 mod_fastcgi/2.4.6 mod_perl/2.0.9 Perl/v5.22.0 configured -- resuming normal operations
[Wed Nov 16 21:25:03 2016] [error] [client 127.0.0.1] client denied by server configuration: /Applications/MAMP/htdocs/.DS_Store, referer: http://localhost:8888/MAMP/?language=English
[Thu Nov 17 02:10:32 2016] [notice] caught SIGTERM, shutting down
[Thu Nov 17 13:53:42 2016] [notice] Digest: generating secret for digest authentication ...
[Thu Nov 17 13:53:42 2016] [notice] Digest: done
[Thu Nov 17 13:53:42 2016] [notice] FastCGI: process manager initialized (pid 8749)
[Thu Nov 17 13:53:42 2016] [notice] Apache/2.2.29 (Unix) mod_wsgi/3.5 Python/2.7.10 PHP/7.0.8 mod_ssl/2.2.29 OpenSSL/0.9.8zh DAV/2 mod_fastcgi/2.4.6 mod_perl/2.0.9 Perl/v5.22.0 configured -- resuming normal operations
[Thu Nov 17 13:53:43 2016] [error] [client ::1] File does not exist: /Applications/MAMP/htdocs/docs-assets
[Thu Nov 17 13:53:47 2016] [error] [client ::1] client denied by server configuration: /Applications/MAMP/htdocs/.DS_Store, referer: http://localhost:8888/MAMP/?language=English
[Thu Nov 17 19:14:44 2016] [notice] caught SIGTERM, shutting down
[Thu Dec 29 18:03:02 2016] [notice] Digest: generating secret for digest authentication ...
[Thu Dec 29 18:03:02 2016] [notice] Digest: done
[Thu Dec 29 18:03:02 2016] [notice] FastCGI: process manager initialized (pid 91914)
[Thu Dec 29 18:03:02 2016] [notice] Apache/2.2.29 (Unix) mod_wsgi/3.5 Python/2.7.10 PHP/7.0.8 mod_ssl/2.2.29 OpenSSL/0.9.8zh DAV/2 mod_fastcgi/2.4.6 mod_perl/2.0.9 Perl/v5.22.0 configured -- resuming normal operations
[Thu Dec 29 18:03:14 2016] [error] [client ::1] File does not exist: /Applications/MAMP/htdocs/docs-assets
[Thu Dec 29 18:03:16 2016] [error] [client ::1] client denied by server configuration: /Applications/MAMP/htdocs/.DS_Store, referer: http://localhost:8888/MAMP/?language=English
[Thu Dec 29 18:09:13 2016] [notice] caught SIGTERM, shutting down
[Sun Jan 01 16:26:26 2017] [notice] Digest: generating secret for digest authentication ...
[Sun Jan 01 16:26:26 2017] [notice] Digest: done
[Sun Jan 01 16:26:26 2017] [notice] FastCGI: process manager initialized (pid 1195)
[Sun Jan 01 16:26:26 2017] [notice] Apache/2.2.29 (Unix) mod_wsgi/3.5 Python/2.7.10 PHP/7.0.8 mod_ssl/2.2.29 OpenSSL/0.9.8zh DAV/2 mod_fastcgi/2.4.6 mod_perl/2.0.9 Perl/v5.22.0 configured -- resuming normal operations
[Sun Jan 01 16:26:31 2017] [error] [client ::1] File does not exist: /Applications/MAMP/htdocs/docs-assets, referer: http://localhost:8888/MAMP/?language=English
[Sun Jan 01 16:26:39 2017] [error] [client ::1] client denied by server configuration: /Applications/MAMP/htdocs/.DS_Store, referer: http://localhost:8888/MAMP/?language=English
[Sun Jan 01 16:27:50 2017] [notice] caught SIGTERM, shutting down
[Sun Feb 26 10:32:28 2017] [notice] Digest: generating secret for digest authentication ...
[Sun Feb 26 10:32:28 2017] [notice] Digest: done
[Sun Feb 26 10:32:28 2017] [notice] FastCGI: process manager initialized (pid 78009)
[Sun Feb 26 10:32:28 2017] [notice] Apache/2.2.29 (Unix) mod_wsgi/3.5 Python/2.7.10 PHP/7.0.8 mod_ssl/2.2.29 OpenSSL/0.9.8zh DAV/2 mod_fastcgi/2.4.6 mod_perl/2.0.9 Perl/v5.22.0 configured -- resuming normal operations
[Sun Feb 26 10:32:32 2017] [error] [client ::1] File does not exist: /Applications/MAMP/htdocs/docs-assets, referer: http://localhost:8888/MAMP/?language=English
[Sun Feb 26 10:32:32 2017] [error] [client ::1] File does not exist: /Applications/MAMP/htdocs/apple-touch-icon-precomposed.png
[Sun Feb 26 10:32:32 2017] [error] [client ::1] File does not exist: /Applications/MAMP/htdocs/apple-touch-icon.png
[Sun Feb 26 10:32:38 2017] [error] [client ::1] client denied by server configuration: /Applications/MAMP/htdocs/.DS_Store, referer: http://localhost:8888/MAMP/?language=English
[Sun Feb 26 19:40:10 2017] [notice] caught SIGTERM, shutting down
[Sun Mar 05 10:15:49 2017] [notice] Digest: generating secret for digest authentication ...
[Sun Mar 05 10:15:49 2017] [notice] Digest: done
[Sun Mar 05 10:15:50 2017] [notice] FastCGI: process manager initialized (pid 8400)
[Sun Mar 05 10:15:50 2017] [notice] Apache/2.2.29 (Unix) mod_wsgi/3.5 Python/2.7.10 PHP/7.0.8 mod_ssl/2.2.29 OpenSSL/0.9.8zh DAV/2 mod_fastcgi/2.4.6 mod_perl/2.0.9 Perl/v5.22.0 configured -- resuming normal operations
[Sun Mar 05 10:15:55 2017] [error] [client ::1] File does not exist: /Applications/MAMP/htdocs/docs-assets, referer: http://localhost:8888/MAMP/?language=English
[Sun Mar 05 10:16:25 2017] [error] [client ::1] client denied by server configuration: /Applications/MAMP/htdocs/.DS_Store, referer: http://localhost:8888/MAMP/?language=English
[Sun Mar 05 11:00:15 2017] [error] [client ::1] client denied by server configuration: /Applications/MAMP/htdocs/.DS_Store, referer: http://localhost:8888/MAMP/?language=English
[Sun Mar 05 14:48:27 2017] [notice] caught SIGTERM, shutting down
